c:\users\angel\source\repos\planner_app\plannerapp\plannerapp\x64\debug\plannerapp.pch
c:\users\angel\source\repos\planner_app\plannerapp\plannerapp\x64\debug\vc143.pdb
c:\users\angel\source\repos\planner_app\plannerapp\plannerapp\x64\debug\vc143.idb
c:\users\angel\source\repos\planner_app\plannerapp\plannerapp\x64\debug\pch.obj
c:\users\angel\source\repos\planner_app\plannerapp\plannerapp\x64\debug\task.obj
c:\users\angel\source\repos\planner_app\plannerapp\plannerapp\x64\debug\plannerappdlg.obj
c:\users\angel\source\repos\planner_app\plannerapp\plannerapp\x64\debug\plannerapp.obj
c:\users\angel\source\repos\planner_app\plannerapp\plannerapp\x64\debug\cedittaskdlg.obj
c:\users\angel\source\repos\planner_app\plannerapp\plannerapp\x64\debug\caddtaskdlg.obj
c:\users\angel\source\repos\planner_app\plannerapp\x64\debug\plannerapp.exe
c:\users\angel\source\repos\planner_app\plannerapp\x64\debug\plannerapp.pdb
c:\users\angel\source\repos\planner_app\plannerapp\plannerapp\x64\debug\plannerapp.res
c:\users\angel\source\repos\planner_app\plannerapp\plannerapp\x64\debug\plannerapp.ilk
c:\users\angel\source\repos\planner_app\plannerapp\plannerapp\x64\debug\plannerapp.tlog\cl.command.1.tlog
c:\users\angel\source\repos\planner_app\plannerapp\plannerapp\x64\debug\plannerapp.tlog\cl.items.tlog
c:\users\angel\source\repos\planner_app\plannerapp\plannerapp\x64\debug\plannerapp.tlog\cl.read.1.tlog
c:\users\angel\source\repos\planner_app\plannerapp\plannerapp\x64\debug\plannerapp.tlog\cl.write.1.tlog
c:\users\angel\source\repos\planner_app\plannerapp\plannerapp\x64\debug\plannerapp.tlog\link.command.1.tlog
c:\users\angel\source\repos\planner_app\plannerapp\plannerapp\x64\debug\plannerapp.tlog\link.read.1.tlog
c:\users\angel\source\repos\planner_app\plannerapp\plannerapp\x64\debug\plannerapp.tlog\link.secondary.1.tlog
c:\users\angel\source\repos\planner_app\plannerapp\plannerapp\x64\debug\plannerapp.tlog\link.write.1.tlog
c:\users\angel\source\repos\planner_app\plannerapp\plannerapp\x64\debug\plannerapp.tlog\rc.command.1.tlog
c:\users\angel\source\repos\planner_app\plannerapp\plannerapp\x64\debug\plannerapp.tlog\rc.read.1.tlog
c:\users\angel\source\repos\planner_app\plannerapp\plannerapp\x64\debug\plannerapp.tlog\rc.write.1.tlog
